2020-06-17T18:16:43.802Z - info: [main] Received possible protocol arguments: 2
2020-06-17T18:16:43.807Z - error: [main] Malformed launch arguments received: C:\Users\Adhurim\AppData\Local\GitHubDesktop\app-2.5.2\GitHubDesktop.exe,--squirrel-firstrun
2020-06-17T18:16:44.874Z - info: [ui] [AppStore] loading 0 repositories from store
2020-06-17T18:16:44.918Z - info: [ui] [Welcome] no sign in step found. ignoring...
2020-06-17T18:16:44.925Z - info: [ui] [Welcome] no sign in step found. ignoring...
2020-06-17T18:16:45.208Z - info: [ui] launching: 2.5.2 (Windows 10.0.18363)
2020-06-17T18:16:45.208Z - info: [ui] execPath: 'C:\Users\Adhurim\AppData\Local\GitHubDesktop\app-2.5.2\GitHubDesktop.exe'
2020-06-17T18:16:45.216Z - info: [ui] Opt in reported.
2020-06-17T18:16:45.218Z - info: [ui] [Welcome] no sign in step found. ignoring...
2020-06-17T18:16:45.418Z - info: [ui] [Welcome] no sign in step found. ignoring...
2020-06-17T18:16:47.653Z - info: [ui] Executing installGlobalLFSFilter: git lfs install --skip-repo (took 2.582s)
2020-06-17T18:16:51.358Z - info: [ui] [Welcome] no sign in step found. ignoring...
2020-06-17T18:17:04.327Z - info: [ui] [Welcome] no sign in step found. ignoring...
2020-06-17T18:17:12.462Z - info: [ui] [Welcome] advancing to step: ConfigureGit
2020-06-17T18:17:21.270Z - info: [ui] [Welcome] advancing to step: Start
2020-06-17T18:18:33.763Z - info: [ui] [Welcome] advancing to step: ConfigureGit
2020-06-17T18:18:38.728Z - info: [ui] [Welcome] advancing to step: Start
2020-06-17T18:18:40.671Z - info: [ui] [Welcome] advancing to step: SignInToDotCom
2020-06-17T18:18:40.675Z - info: [ui] [Welcome] current sign in state not found. ignoring...
2020-06-17T18:18:44.919Z - info: [ui] [Welcome] kind Authentication is the same as Authentication. ignoring...
2020-06-17T18:18:51.222Z - info: [ui] [Welcome] kind Authentication is the same as Authentication. ignoring...
2020-06-17T18:19:01.485Z - info: [ui] [Welcome] kind Authentication is the same as Authentication. ignoring...
2020-06-17T18:19:06.223Z - info: [ui] [Welcome] kind Authentication is the same as Authentication. ignoring...
2020-06-17T18:19:07.274Z - info: [ui] [AppStore] adding account AX-4 (AX-4) to store
2020-06-17T18:19:07.284Z - info: [ui] [Welcome] advancing to step: ConfigureGit
2020-06-17T18:19:07.369Z - info: [ui] [Welcome] no sign in step found. ignoring...
2020-06-17T18:19:07.513Z - info: [ui] [Welcome] no sign in step found. ignoring...
2020-06-17T18:19:15.327Z - info: [ui] [Welcome] advancing to step: UsageOptOut
2020-06-17T18:19:19.635Z - info: [ui] Opt in reported.
2020-06-17T20:16:17.481Z - info: [ui] [AppStore] loading 0 repositories from store
2020-06-17T20:16:17.484Z - info: [ui] [AppStore] found account: AX-4 (AX-4)
2020-06-17T20:16:17.680Z - info: [ui] launching: 2.5.2 (Windows 10.0.18363)
2020-06-17T20:16:17.681Z - info: [ui] execPath: 'C:\Users\Adhurim\AppData\Local\GitHubDesktop\app-2.5.2\GitHubDesktop.exe'
2020-06-17T20:16:18.119Z - info: [ui] Stats reported.
2020-06-17T21:20:38.623Z - error: [ui] `git rev-parse --is-bare-repository` exited with an unexpected code: 128.
stderr:
fatal: not a git repository (or any of the parent directories): .git

(The error was parsed as 28: This is not a git repository.)
2020-06-17T21:20:55.919Z - info: [ui] [AppStore] adding repository at C:\Users\Adhurim\Desktop\EchoServer to store
2020-06-17T21:25:55.173Z - info: [ui] Executing push: git -c credential.helper= -c protocol.version=2 push origin master --set-upstream --progress (took 5.506s)
2020-06-17T21:25:58.001Z - info: [ui] Executing fetch: git -c credential.helper= -c protocol.version=2 fetch --progress --prune origin (took 2.763s)
2020-06-17T21:29:06.063Z - info: [ui] [BranchPruner] No branches to prune.
