2020-06-26T09:35:44.263Z - info: [ui] [AppStore] loading 2 repositories from store
2020-06-26T09:35:44.265Z - info: [ui] [AppStore] found account: Modul143 (Modul143)
2020-06-26T09:35:45.376Z - info: [ui] launching: 2.5.2 (Windows 10.0.17763)
2020-06-26T09:35:45.377Z - info: [ui] execPath: 'C:\Users\Sayaanthan\AppData\Local\GitHubDesktop\app-2.5.2\GitHubDesktop.exe'
2020-06-26T09:35:45.932Z - info: [ui] Stats reported.
2020-06-26T09:35:47.545Z - info: [ui] Executing installGlobalLFSFilter: git lfs install --skip-repo (took 2.191s)
2020-06-26T09:35:58.690Z - info: [ui] Executing fetch: git -c credential.helper= -c protocol.version=2 fetch --progress --prune origin (took 2.317s)
2020-06-26T09:37:46.262Z - info: [ui] Background fetch for 2 repositories took 1.874sec
2020-06-26T09:39:45.155Z - info: [ui] [BranchPruner] No branches to prune.
2020-06-26T09:47:34.169Z - info: [ui] [AppStore.withAuthenticatingUser] account found for repository: 5is18b-ASD - Modul143 (has token)
2020-06-26T09:47:36.475Z - info: [ui] Executing pull: git -c credential.helper= -c protocol.version=2 pull --progress origin (took 2.093s)
2020-06-26T09:47:38.744Z - info: [ui] [AppStore.withAuthenticatingUser] account found for repository: 5is18b-ASD - Modul143 (has token)
2020-06-26T09:47:40.981Z - info: [ui] Executing fetch: git -c credential.helper= -c protocol.version=2 fetch --progress --prune origin (took 1.980s)
2020-06-26T09:48:08.658Z - info: [ui] [AppStore.withAuthenticatingUser] account found for repository: 5is18b-ASD - Modul143 (has token)
2020-06-26T09:48:10.889Z - info: [ui] Executing fetch: git -c credential.helper= -c protocol.version=2 fetch --progress --prune origin (took 2.015s)
2020-06-26T09:52:48.194Z - info: [ui] Background fetch for 2 repositories took 1.893sec
2020-06-26T10:07:48.160Z - info: [ui] Background fetch for 2 repositories took 1.887sec
2020-06-26T12:50:37.062Z - info: [ui] [AppStore] loading 2 repositories from store
2020-06-26T12:50:37.065Z - info: [ui] [AppStore] found account: Modul143 (Modul143)
2020-06-26T12:50:39.594Z - info: [ui] launching: 2.5.3 (Windows 10.0.17763)
2020-06-26T12:50:39.594Z - info: [ui] execPath: 'C:\Users\Sayaanthan\AppData\Local\GitHubDesktop\app-2.5.3\GitHubDesktop.exe'
2020-06-26T12:50:39.599Z - info: [ui] Executing getRecentBranches: git log -g --no-abbrev-commit --pretty=oneline HEAD -n 2500 -- (took 1.144s)
2020-06-26T12:50:39.600Z - info: [ui] Executing getRecentBranches: git log -g --no-abbrev-commit --pretty=oneline HEAD -n 2500 -- (took 1.160s)
2020-06-26T12:50:39.600Z - info: [ui] Executing getWorkingDirectoryDiff: git diff HEAD --no-ext-diff --patch-with-raw -z --no-color -- Java_JDBC_Examples/MyQueryUpdate.java (took 1.154s)
2020-06-26T12:50:39.603Z - info: [ui] Executing getBranches: git for-each-ref --format=%(refname)%00%(refname:short)%00%(upstream:short)%00%(objectname)%00%(objectname:short)%00%(author)%00%(committer)%00%(symref)%00%1F refs/heads refs/remotes (took 1.153s)
2020-06-26T12:50:39.675Z - info: [ui] Executing getBranches: git for-each-ref --format=%(refname)%00%(refname:short)%00%(upstream:short)%00%(objectname)%00%(objectname:short)%00%(author)%00%(committer)%00%(symref)%00%1F refs/heads refs/remotes (took 1.237s)
2020-06-26T12:50:39.696Z - info: [ui] Executing getWorkingDirectoryDiff: git diff HEAD --no-ext-diff --patch-with-raw -z --no-color -- Java_JDBC_Examples/MyQueryUpdate.java (took 1.268s)
2020-06-26T12:50:40.706Z - info: [ui] Executing getConfigValueInPath: git config -z pull.rebase (took 1.034s)
2020-06-26T12:50:40.706Z - info: [ui] Executing getAuthorIdentity: git var GIT_AUTHOR_IDENT (took 1.043s)
2020-06-26T12:50:40.795Z - info: [ui] Executing getAuthorIdentity: git var GIT_AUTHOR_IDENT (took 1.103s)
2020-06-26T12:50:40.797Z - info: [ui] Executing getCommits: git log origin/master..master --date=raw --max-count=100 --pretty=%H%x1F%h%x1F%s%x1F%b%x1F%an <%ae> %ad%x1F%cn <%ce> %cd%x1F%P%x1F%(trailers:unfold,only)%x1F%D -z --no-show-signature --no-color -- (took 1.150s)
2020-06-26T12:50:40.852Z - info: [ui] Executing getCommits: git log origin/master..master --date=raw --max-count=100 --pretty=%H%x1F%h%x1F%s%x1F%b%x1F%an <%ae> %ad%x1F%cn <%ce> %cd%x1F%P%x1F%(trailers:unfold,only)%x1F%D -z --no-show-signature --no-color -- (took 1.173s)
2020-06-26T12:50:41.015Z - info: [ui] Executing getRemotes: git remote -v (took 1.332s)
2020-06-26T12:50:41.097Z - info: [ui] Executing getStashEntries: git log -g -z --pretty=%gD%x1F%H%x1F%gs refs/stash (took 1.373s)
2020-06-26T12:50:42.169Z - info: [ui] Executing getAllTags: git show-ref --tags -d (took 1.108s)
2020-06-26T12:50:42.742Z - info: [ui] Executing getConfigValueInPath: git config -z protocol.version (took 1.091s)
2020-06-26T12:50:42.869Z - info: [ui] Executing getAuthorIdentity: git var GIT_AUTHOR_IDENT (took 1.060s)
2020-06-26T12:50:42.941Z - info: [ui] Executing getCommits: git log HEAD --date=raw --max-count=100 --pretty=%H%x1F%h%x1F%s%x1F%b%x1F%an <%ae> %ad%x1F%cn <%ce> %cd%x1F%P%x1F%(trailers:unfold,only)%x1F%D -z --no-show-signature --no-color -- (took 1.427s)
2020-06-26T12:50:45.245Z - info: [ui] Executing installGlobalLFSFilter: git lfs install --skip-repo (took 6.349s)
2020-06-26T12:50:45.336Z - info: [ui] Executing getChangedFiles: git log a4b9d0cf2f111fe1421e4ed904a78ce5055d52e1 -C -M -m -1 --no-show-signature --first-parent --name-status --format=format: -z -- (took 1.667s)
2020-06-26T12:50:46.591Z - info: [ui] Executing getStatus: git --no-optional-locks status --untracked-files=all --branch --porcelain=2 -z (took 2.283s)
2020-06-26T12:50:46.688Z - info: [ui] Executing getStatus: git --no-optional-locks status --untracked-files=all --branch --porcelain=2 -z (took 1.905s)
2020-06-26T12:50:46.689Z - info: [ui] Executing getCommitDiff: git log a4b9d0cf2f111fe1421e4ed904a78ce5055d52e1 -m -1 --first-parent --patch-with-raw -z --no-color -- aufgabenteilung_ASD.txt (took 1.321s)
2020-06-26T12:50:47.685Z - info: [ui] Executing getBranches: git for-each-ref --format=%(refname)%00%(refname:short)%00%(upstream:short)%00%(objectname)%00%(objectname:short)%00%(author)%00%(committer)%00%(symref)%00%1F refs/heads refs/remotes (took 1.085s)
2020-06-26T12:50:47.762Z - info: [ui] Executing getBranches: git for-each-ref --format=%(refname)%00%(refname:short)%00%(upstream:short)%00%(objectname)%00%(objectname:short)%00%(author)%00%(committer)%00%(symref)%00%1F refs/heads refs/remotes (took 1.037s)
2020-06-26T12:50:47.849Z - info: [ui] Executing getRecentBranches: git log -g --no-abbrev-commit --pretty=oneline HEAD -n 2500 -- (took 1.036s)
2020-06-26T12:50:48.273Z - info: [ui] Executing getRecentBranches: git log -g --no-abbrev-commit --pretty=oneline HEAD -n 2500 -- (took 1.670s)
2020-06-26T12:50:48.476Z - info: [ui] Executing getWorkingDirectoryDiff: git diff HEAD --no-ext-diff --patch-with-raw -z --no-color -- Java_JDBC_Examples/MyQueryUpdate.java (took 1.873s)
2020-06-26T12:50:48.476Z - info: [ui] Executing getWorkingDirectoryDiff: git diff HEAD --no-ext-diff --patch-with-raw -z --no-color -- Java_JDBC_Examples/MyQueryUpdate.java (took 1.811s)
2020-06-26T12:50:48.936Z - info: [ui] Executing getCommits: git log origin/master..master --date=raw --max-count=100 --pretty=%H%x1F%h%x1F%s%x1F%b%x1F%an <%ae> %ad%x1F%cn <%ce> %cd%x1F%P%x1F%(trailers:unfold,only)%x1F%D -z --no-show-signature --no-color -- (took 1.173s)
2020-06-26T12:50:48.937Z - info: [ui] Executing getAuthorIdentity: git var GIT_AUTHOR_IDENT (took 1.156s)
2020-06-26T12:50:49.049Z - info: [ui] Executing getRemotes: git remote -v (took 1.279s)
2020-06-26T12:50:49.050Z - info: [ui] Executing getStashEntries: git log -g -z --pretty=%gD%x1F%H%x1F%gs refs/stash (took 1.275s)
2020-06-26T12:50:49.230Z - info: [ui] Executing getConfigValueInPath: git config -z pull.rebase (took 1.467s)
2020-06-26T12:50:49.393Z - info: [ui] Executing getConfigValueInPath: git config -z pull.rebase (took 1.082s)
2020-06-26T12:50:49.394Z - info: [ui] Executing getRemotes: git remote -v (took 1.067s)
2020-06-26T12:50:49.422Z - info: [ui] Executing getCommits: git log origin/master..master --date=raw --max-count=100 --pretty=%H%x1F%h%x1F%s%x1F%b%x1F%an <%ae> %ad%x1F%cn <%ce> %cd%x1F%P%x1F%(trailers:unfold,only)%x1F%D -z --no-show-signature --no-color -- (took 1.137s)
2020-06-26T12:50:49.422Z - info: [ui] Executing getStashEntries: git log -g -z --pretty=%gD%x1F%H%x1F%gs refs/stash (took 1.129s)
2020-06-26T12:50:49.764Z - info: [ui] Executing fetch: git -c credential.helper= -c protocol.version=2 fetch --progress --prune origin (took 7.022s)
2020-06-26T12:52:25.467Z - info: [ui] [AppStore.withAuthenticatingUser] account found for repository: 5is18b-ASD - Modul143 (has token)
2020-06-26T12:52:27.632Z - info: [ui] Executing pull: git -c credential.helper= -c protocol.version=2 pull --progress origin (took 1.866s)
2020-06-26T12:52:30.963Z - info: [ui] [AppStore.withAuthenticatingUser] account found for repository: 5is18b-ASD - Modul143 (has token)
2020-06-26T12:52:32.707Z - info: [ui] Executing fetch: git -c credential.helper= -c protocol.version=2 fetch --progress --prune origin (took 1.576s)
2020-06-26T12:52:35.953Z - info: [ui] [AppStore.withAuthenticatingUser] account found for repository: 5is18b-ASD - Modul143 (has token)
2020-06-26T12:52:37.576Z - info: [ui] Executing fetch: git -c credential.helper= -c protocol.version=2 fetch --progress --prune origin (took 1.492s)
2020-06-26T12:52:39.108Z - info: [ui] Background fetch for 2 repositories took 1.842sec
